<?xml version="1.0" encoding="UTF-8"?>
<testng-results skipped="0" failed="0" ignored="0" total="1" passed="1">
  <reporter-output>
  </reporter-output>
  <suite name="Default suite" duration-ms="11057" started-at="2022-12-09T19:56:27Z" finished-at="2022-12-09T19:56:38Z">
    <groups>
    </groups>
    <test name="Default test" duration-ms="11057" started-at="2022-12-09T19:56:27Z" finished-at="2022-12-09T19:56:38Z">
      <class name="restGitHub.CreateRepo">
        <test-method status="PASS" signature="test1()[pri:0, instance:restGitHub.CreateRepo@55a1c291]" name="test1" duration-ms="10950" started-at="2022-12-09T19:56:27Z" finished-at="2022-12-09T19:56:38Z">
          <reporter-output>
          </reporter-output>
        </test-method> <!-- test1 -->
      </class> <!-- restGitHub.CreateRepo -->
    </test> <!-- Default test -->
  </suite> <!-- Default suite -->
</testng-results>
